android/app/build/intermediates/manifest_merge_blame_file/debug/manifest-merger-blame-debug-report.txt
1<?xml version="1.0" encoding="utf-8"?>
2<manifest xmlns:android="http://schemas.android.com/apk/res/android"
3    package="com.reduxrn"
4    android:versionCode="1"
5    android:versionName="1.0" >
6
7    <uses-sdk
8        android:minSdkVersion="21"
9        android:targetSdkVersion="29" />
10
11    <uses-permission android:name="android.permission.SYSTEM_ALERT_WINDOW" />
11-->src\debug\AndroidManifest.xml:5:5-77
11-->src\debug\AndroidManifest.xml:5:22-75
12    <uses-permission android:name="android.permission.INTERNET" />
12-->src\main\AndroidManifest.xml:4:5-67
12-->src\main\AndroidManifest.xml:4:22-64
13    <uses-permission android:name="android.permission.ACCESS_WIFI_STATE" />
13-->[com.facebook.flipper:flipper:0.54.0] AndroidManifest.xml:16:5-76
13-->[com.facebook.flipper:flipper:0.54.0] AndroidManifest.xml:16:22-73
14    <uses-permission android:name="android.permission.WAKE_LOCK" />
14-->[:react-native-firebase_auth] AndroidManifest.xml:12:5-68
14-->[:react-native-firebase_auth] AndroidManifest.xml:12:22-65
15    <uses-permission android:name="android.permission.ACCESS_NETWORK_STATE" /> <!-- TODO(salakar) Not sure if this should be part of the package manifest or leave to users app manifest code? -->
15-->[:react-native-firebase_auth] AndroidManifest.xml:13:5-79
15-->[:react-native-firebase_auth] AndroidManifest.xml:13:22-76
16    <uses-permission android:name="android.permission.READ_EXTERNAL_STORAGE" />
16-->[:react-native-firebase_storage] AndroidManifest.xml:15:5-80
16-->[:react-native-firebase_storage] AndroidManifest.xml:15:22-77
17    <uses-permission android:name="android.permission.WRITE_EXTERNAL_STORAGE" />
17-->[:react-native-firebase_storage] AndroidManifest.xml:16:5-81
17-->[:react-native-firebase_storage] AndroidManifest.xml:16:22-78
18    <uses-permission android:name="com.google.android.finsky.permission.BIND_GET_INSTALL_REFERRER_SERVICE" />
18-->[com.google.android.gms:play-services-measurement:18.0.0] AndroidManifest.xml:26:5-110
18-->[com.google.android.gms:play-services-measurement:18.0.0] AndroidManifest.xml:26:22-107
19
20    <application
20-->src\main\AndroidManifest.xml:6:5-25:19
21        android:name="com.reduxrn.MainApplication"
21-->src\main\AndroidManifest.xml:7:7-38
22        android:allowBackup="false"
22-->src\main\AndroidManifest.xml:11:7-34
23        android:appComponentFactory="androidx.core.app.CoreComponentFactory"
23-->[androidx.core:core:1.3.1] AndroidManifest.xml:24:18-86
24        android:debuggable="true"
25        android:icon="@mipmap/ic_launcher"
25-->src\main\AndroidManifest.xml:9:7-41
26        android:label="@string/app_name"
26-->src\main\AndroidManifest.xml:8:7-39
27        android:roundIcon="@mipmap/ic_launcher_round"
27-->src\main\AndroidManifest.xml:10:7-52
28        android:theme="@style/AppTheme"
28-->src\main\AndroidManifest.xml:12:7-38
29        android:usesCleartextTraffic="true" >
29-->src\debug\AndroidManifest.xml:7:18-53
30        <activity
30-->src\main\AndroidManifest.xml:13:7-23:18
31            android:name="com.reduxrn.MainActivity"
31-->src\main\AndroidManifest.xml:14:9-37
32            android:configChanges="keyboard|keyboardHidden|orientation|screenSize|uiMode"
32-->src\main\AndroidManifest.xml:16:9-86
33            android:label="@string/app_name"
33-->src\main\AndroidManifest.xml:15:9-41
34            android:launchMode="singleTask"
34-->src\main\AndroidManifest.xml:17:9-40
35            android:windowSoftInputMode="adjustResize" >
35-->src\main\AndroidManifest.xml:18:9-51
36            <intent-filter>
36-->src\main\AndroidManifest.xml:19:9-22:25
37                <action android:name="android.intent.action.MAIN" />
37-->src\main\AndroidManifest.xml:20:13-65
37-->src\main\AndroidManifest.xml:20:21-62
38
39                <category android:name="android.intent.category.LAUNCHER" />
39-->src\main\AndroidManifest.xml:21:13-73
39-->src\main\AndroidManifest.xml:21:23-70
40            </intent-filter>
41        </activity>
42        <activity android:name="com.facebook.react.devsupport.DevSettingsActivity" />
42-->src\main\AndroidManifest.xml:24:7-84
42-->src\main\AndroidManifest.xml:24:17-81
43
44        <provider
44-->[:react-native-image-picker] AndroidManifest.xml:12:9-20:20
45            android:name="com.imagepicker.ImagePickerProvider"
45-->[:react-native-image-picker] AndroidManifest.xml:13:13-63
46            android:authorities="com.reduxrn.imagepickerprovider"
46-->[:react-native-image-picker] AndroidManifest.xml:14:13-71
47            android:exported="false"
47-->[:react-native-image-picker] AndroidManifest.xml:15:13-37
48            android:grantUriPermissions="true" >
48-->[:react-native-image-picker] AndroidManifest.xml:16:13-47
49            <meta-data
49-->[:react-native-image-picker] AndroidManifest.xml:17:13-19:70
50                android:name="android.support.FILE_PROVIDER_PATHS"
50-->[:react-native-image-picker] AndroidManifest.xml:18:17-67
51                android:resource="@xml/imagepicker_provider_paths" />
51-->[:react-native-image-picker] AndroidManifest.xml:19:17-67
52        </provider>
53
54        <activity
54-->[com.google.android.gms:play-services-auth:19.0.0] AndroidManifest.xml:23:9-27:75
55            android:name="com.google.android.gms.auth.api.signin.internal.SignInHubActivity"
55-->[com.google.android.gms:play-services-auth:19.0.0] AndroidManifest.xml:24:13-93
56            android:excludeFromRecents="true"
56-->[com.google.android.gms:play-services-auth:19.0.0] AndroidManifest.xml:25:13-46
57            android:exported="false"
57-->[com.google.android.gms:play-services-auth:19.0.0] AndroidManifest.xml:26:13-37
58            android:theme="@android:style/Theme.Translucent.NoTitleBar" />
58-->[com.google.android.gms:play-services-auth:19.0.0] AndroidManifest.xml:27:13-72
59        <!--
60            Service handling Google Sign-In user revocation. For apps that do not integrate with
61            Google Sign-In, this service will never be started.
62        -->
63        <service
63-->[com.google.android.gms:play-services-auth:19.0.0] AndroidManifest.xml:33:9-37:51
64            android:name="com.google.android.gms.auth.api.signin.RevocationBoundService"
64-->[com.google.android.gms:play-services-auth:19.0.0] AndroidManifest.xml:34:13-89
65            android:exported="true"
65-->[com.google.android.gms:play-services-auth:19.0.0] AndroidManifest.xml:35:13-36
66            android:permission="com.google.android.gms.auth.api.signin.permission.REVOCATION_NOTIFICATION"
66-->[com.google.android.gms:play-services-auth:19.0.0] AndroidManifest.xml:36:13-107
67            android:visibleToInstantApps="true" />
67-->[com.google.android.gms:play-services-auth:19.0.0] AndroidManifest.xml:37:13-48
68
69        <activity
69-->[com.google.firebase:firebase-auth:20.0.1] AndroidManifest.xml:27:9-44:20
70            android:name="com.google.firebase.auth.internal.GenericIdpActivity"
70-->[com.google.firebase:firebase-auth:20.0.1] AndroidManifest.xml:28:13-80
71            android:excludeFromRecents="true"
71-->[com.google.firebase:firebase-auth:20.0.1] AndroidManifest.xml:29:13-46
72            android:exported="true"
72-->[com.google.firebase:firebase-auth:20.0.1] AndroidManifest.xml:30:13-36
73            android:launchMode="singleTask"
73-->[com.google.firebase:firebase-auth:20.0.1] AndroidManifest.xml:31:13-44
74            android:theme="@android:style/Theme.Translucent.NoTitleBar" >
74-->[com.google.firebase:firebase-auth:20.0.1] AndroidManifest.xml:32:13-72
75            <intent-filter>
75-->[com.google.firebase:firebase-auth:20.0.1] AndroidManifest.xml:33:13-43:29
76                <action android:name="android.intent.action.VIEW" />
76-->[com.google.firebase:firebase-auth:20.0.1] AndroidManifest.xml:34:17-69
76-->[com.google.firebase:firebase-auth:20.0.1] AndroidManifest.xml:34:25-66
77
78                <category android:name="android.intent.category.DEFAULT" />
78-->[com.google.firebase:firebase-auth:20.0.1] AndroidManifest.xml:36:17-76
78-->[com.google.firebase:firebase-auth:20.0.1] AndroidManifest.xml:36:27-73
79                <category android:name="android.intent.category.BROWSABLE" />
79-->[com.google.firebase:firebase-auth:20.0.1] AndroidManifest.xml:37:17-78
79-->[com.google.firebase:firebase-auth:20.0.1] AndroidManifest.xml:37:27-75
80
81                <data
81-->[com.google.firebase:firebase-auth:20.0.1] AndroidManifest.xml:39:17-42:51
82                    android:host="firebase.auth"
82-->[com.google.firebase:firebase-auth:20.0.1] AndroidManifest.xml:40:21-49
83                    android:path="/"
83-->[com.google.firebase:firebase-auth:20.0.1] AndroidManifest.xml:41:21-37
84                    android:scheme="genericidp" />
84-->[com.google.firebase:firebase-auth:20.0.1] AndroidManifest.xml:42:21-48
85            </intent-filter>
86        </activity>
87        <activity
87-->[com.google.firebase:firebase-auth:20.0.1] AndroidManifest.xml:45:9-62:20
88            android:name="com.google.firebase.auth.internal.RecaptchaActivity"
88-->[com.google.firebase:firebase-auth:20.0.1] AndroidManifest.xml:46:13-79
89            android:excludeFromRecents="true"
89-->[com.google.firebase:firebase-auth:20.0.1] AndroidManifest.xml:47:13-46
90            android:exported="true"
90-->[com.google.firebase:firebase-auth:20.0.1] AndroidManifest.xml:48:13-36
91            android:launchMode="singleTask"
91-->[com.google.firebase:firebase-auth:20.0.1] AndroidManifest.xml:49:13-44
92            android:theme="@android:style/Theme.Translucent.NoTitleBar" >
92-->[com.google.firebase:firebase-auth:20.0.1] AndroidManifest.xml:50:13-72
93            <intent-filter>
93-->[com.google.firebase:firebase-auth:20.0.1] AndroidManifest.xml:51:13-61:29
94                <action android:name="android.intent.action.VIEW" />
94-->[com.google.firebase:firebase-auth:20.0.1] AndroidManifest.xml:34:17-69
94-->[com.google.firebase:firebase-auth:20.0.1] AndroidManifest.xml:34:25-66
95
96                <category android:name="android.intent.category.DEFAULT" />
96-->[com.google.firebase:firebase-auth:20.0.1] AndroidManifest.xml:36:17-76
96-->[com.google.firebase:firebase-auth:20.0.1] AndroidManifest.xml:36:27-73
97                <category android:name="android.intent.category.BROWSABLE" />
97-->[com.google.firebase:firebase-auth:20.0.1] AndroidManifest.xml:37:17-78
97-->[com.google.firebase:firebase-auth:20.0.1] AndroidManifest.xml:37:27-75
98
99                <data
99-->[com.google.firebase:firebase-auth:20.0.1] AndroidManifest.xml:39:17-42:51
100                    android:host="firebase.auth"
100-->[com.google.firebase:firebase-auth:20.0.1] AndroidManifest.xml:40:21-49
101                    android:path="/"
101-->[com.google.firebase:firebase-auth:20.0.1] AndroidManifest.xml:41:21-37
102                    android:scheme="recaptcha" />
102-->[com.google.firebase:firebase-auth:20.0.1] AndroidManifest.xml:42:21-48
103            </intent-filter>
104        </activity>
105
106        <service
106-->[com.google.firebase:firebase-auth:20.0.1] AndroidManifest.xml:64:9-73:19
107            android:name="com.google.firebase.auth.api.fallback.service.FirebaseAuthFallbackService"
107-->[com.google.firebase:firebase-auth:20.0.1] AndroidManifest.xml:65:13-101
108            android:enabled="true"
108-->[com.google.firebase:firebase-auth:20.0.1] AndroidManifest.xml:66:13-35
109            android:exported="false" >
109-->[com.google.firebase:firebase-auth:20.0.1] AndroidManifest.xml:67:13-37
110            <intent-filter>
110-->[com.google.firebase:firebase-auth:20.0.1] AndroidManifest.xml:68:13-72:29
111                <action android:name="com.google.firebase.auth.api.gms.service.START" />
111-->[com.google.firebase:firebase-auth:20.0.1] AndroidManifest.xml:69:17-89
111-->[com.google.firebase:firebase-auth:20.0.1] AndroidManifest.xml:69:25-86
112
113                <category android:name="android.intent.category.DEFAULT" />
113-->[com.google.firebase:firebase-auth:20.0.1] AndroidManifest.xml:36:17-76
113-->[com.google.firebase:firebase-auth:20.0.1] AndroidManifest.xml:36:27-73
114            </intent-filter>
115        </service>
116        <service
116-->[com.google.firebase:firebase-auth:20.0.1] AndroidManifest.xml:74:9-80:19
117            android:name="com.google.firebase.components.ComponentDiscoveryService"
117-->[com.google.firebase:firebase-auth:20.0.1] AndroidManifest.xml:75:13-84
118            android:directBootAware="true"
118-->[com.google.firebase:firebase-common:19.5.0] AndroidManifest.xml:35:13-43
119            android:exported="false" >
119-->[com.google.firebase:firebase-auth:20.0.1] AndroidManifest.xml:76:13-37
120            <meta-data
120-->[com.google.firebase:firebase-auth:20.0.1] AndroidManifest.xml:77:13-79:85
121                android:name="com.google.firebase.components:com.google.firebase.auth.FirebaseAuthRegistrar"
121-->[com.google.firebase:firebase-auth:20.0.1] AndroidManifest.xml:78:17-109
122                android:value="com.google.firebase.components.ComponentRegistrar" />
122-->[com.google.firebase:firebase-auth:20.0.1] AndroidManifest.xml:79:17-82
123            <meta-data
123-->[com.google.firebase:firebase-storage:19.2.1] AndroidManifest.xml:33:13-35:85
124                android:name="com.google.firebase.components:com.google.firebase.storage.StorageRegistrar"
124-->[com.google.firebase:firebase-storage:19.2.1] AndroidManifest.xml:34:17-107
125                android:value="com.google.firebase.components.ComponentRegistrar" />
125-->[com.google.firebase:firebase-storage:19.2.1] AndroidManifest.xml:35:17-82
126            <meta-data
126-->[com.google.firebase:firebase-database:19.6.0] AndroidManifest.xml:32:13-34:85
127                android:name="com.google.firebase.components:com.google.firebase.database.DatabaseRegistrar"
127-->[com.google.firebase:firebase-database:19.6.0] AndroidManifest.xml:33:17-109
128                android:value="com.google.firebase.components.ComponentRegistrar" />
128-->[com.google.firebase:firebase-database:19.6.0] AndroidManifest.xml:34:17-82
129            <meta-data
129-->[com.google.android.gms:play-services-measurement-api:18.0.0] AndroidManifest.xml:30:13-32:85
130                android:name="com.google.firebase.components:com.google.firebase.analytics.connector.internal.AnalyticsConnectorRegistrar"
130-->[com.google.android.gms:play-services-measurement-api:18.0.0] AndroidManifest.xml:31:17-139
131                android:value="com.google.firebase.components.ComponentRegistrar" />
131-->[com.google.android.gms:play-services-measurement-api:18.0.0] AndroidManifest.xml:32:17-82
132            <meta-data
132-->[com.google.firebase:firebase-installations:16.3.5] AndroidManifest.xml:18:13-20:85
133                android:name="com.google.firebase.components:com.google.firebase.installations.FirebaseInstallationsRegistrar"
133-->[com.google.firebase:firebase-installations:16.3.5] AndroidManifest.xml:19:17-127
134                android:value="com.google.firebase.components.ComponentRegistrar" />
134-->[com.google.firebase:firebase-installations:16.3.5] AndroidManifest.xml:20:17-82
135            <!--
136                This registrar is not defined in the dynamic-module-support sdk itself to allow non-firebase
137                clients to use it as well, by defining this registrar in their own core/common library.
138            -->
139            <meta-data
139-->[com.google.firebase:firebase-common:19.5.0] AndroidManifest.xml:43:13-45:85
140                android:name="com.google.firebase.components:com.google.firebase.dynamicloading.DynamicLoadingRegistrar"
140-->[com.google.firebase:firebase-common:19.5.0] AndroidManifest.xml:44:17-121
141                android:value="com.google.firebase.components.ComponentRegistrar" />
141-->[com.google.firebase:firebase-common:19.5.0] AndroidManifest.xml:45:17-82
142        </service>
143
144        <activity
144-->[com.google.android.gms:play-services-base:17.1.0] AndroidManifest.xml:23:9-26:75
145            android:name="com.google.android.gms.common.api.GoogleApiActivity"
145-->[com.google.android.gms:play-services-base:17.1.0] AndroidManifest.xml:24:13-79
146            android:exported="false"
146-->[com.google.android.gms:play-services-base:17.1.0] AndroidManifest.xml:25:13-37
147            android:theme="@android:style/Theme.Translucent.NoTitleBar" />
147-->[com.google.android.gms:play-services-base:17.1.0] AndroidManifest.xml:26:13-72
148
149        <provider
149-->[com.google.firebase:firebase-common:19.5.0] AndroidManifest.xml:26:9-31:39
150            android:name="com.google.firebase.provider.FirebaseInitProvider"
150-->[com.google.firebase:firebase-common:19.5.0] AndroidManifest.xml:27:13-77
151            android:authorities="com.reduxrn.firebaseinitprovider"
151-->[com.google.firebase:firebase-common:19.5.0] AndroidManifest.xml:28:13-72
152            android:directBootAware="true"
152-->[com.google.firebase:firebase-common:19.5.0] AndroidManifest.xml:29:13-43
153            android:exported="false"
153-->[com.google.firebase:firebase-common:19.5.0] AndroidManifest.xml:30:13-37
154            android:initOrder="100" />
154-->[com.google.firebase:firebase-common:19.5.0] AndroidManifest.xml:31:13-36
155
156        <receiver
156-->[com.google.android.gms:play-services-measurement:18.0.0] AndroidManifest.xml:29:9-33:20
157            android:name="com.google.android.gms.measurement.AppMeasurementReceiver"
157-->[com.google.android.gms:play-services-measurement:18.0.0] AndroidManifest.xml:30:13-85
158            android:enabled="true"
158-->[com.google.android.gms:play-services-measurement:18.0.0] AndroidManifest.xml:31:13-35
159            android:exported="false" >
159-->[com.google.android.gms:play-services-measurement:18.0.0] AndroidManifest.xml:32:13-37
160        </receiver>
161
162        <service
162-->[com.google.android.gms:play-services-measurement:18.0.0] AndroidManifest.xml:35:9-38:40
163            android:name="com.google.android.gms.measurement.AppMeasurementService"
163-->[com.google.android.gms:play-services-measurement:18.0.0] AndroidManifest.xml:36:13-84
164            android:enabled="true"
164-->[com.google.android.gms:play-services-measurement:18.0.0] AndroidManifest.xml:37:13-35
165            android:exported="false" />
165-->[com.google.android.gms:play-services-measurement:18.0.0] AndroidManifest.xml:38:13-37
166        <service
166-->[com.google.android.gms:play-services-measurement:18.0.0] AndroidManifest.xml:39:9-43:72
167            android:name="com.google.android.gms.measurement.AppMeasurementJobService"
167-->[com.google.android.gms:play-services-measurement:18.0.0] AndroidManifest.xml:40:13-87
168            android:enabled="true"
168-->[com.google.android.gms:play-services-measurement:18.0.0] AndroidManifest.xml:41:13-35
169            android:exported="false"
169-->[com.google.android.gms:play-services-measurement:18.0.0] AndroidManifest.xml:42:13-37
170            android:permission="android.permission.BIND_JOB_SERVICE" />
170-->[com.google.android.gms:play-services-measurement:18.0.0] AndroidManifest.xml:43:13-69
171
172        <meta-data
172-->[com.google.android.gms:play-services-basement:17.1.1] AndroidManifest.xml:23:9-25:69
173            android:name="com.google.android.gms.version"
173-->[com.google.android.gms:play-services-basement:17.1.1] AndroidManifest.xml:24:13-58
174            android:value="@integer/google_play_services_version" />
174-->[com.google.android.gms:play-services-basement:17.1.1] AndroidManifest.xml:25:13-66
175    </application>
176
177</manifest>